\BOOKMARK [1][-]{section.1}{Vorwort}{}% 1
\BOOKMARK [2][-]{subsection.1.1}{Problemstellung}{section.1}% 2
\BOOKMARK [2][-]{subsection.1.2}{Projektziel}{section.1}% 3
\BOOKMARK [1][-]{section.2}{Aufgabenteilung}{}% 4
\BOOKMARK [1][-]{section.3}{Wasserversorgung}{}% 5
\BOOKMARK [2][-]{subsection.3.1}{Planung/ Realisation}{section.3}% 6
\BOOKMARK [2][-]{subsection.3.2}{Probleme bei der Realisation}{section.3}% 7
\BOOKMARK [1][-]{section.4}{Stromversorgung}{}% 8
\BOOKMARK [2][-]{subsection.4.1}{Planung/Realisation}{section.4}% 9
\BOOKMARK [2][-]{subsection.4.2}{Verteilerplatine}{section.4}% 10
\BOOKMARK [2][-]{subsection.4.3}{Schaltplatine}{section.4}% 11
\BOOKMARK [1][-]{section.5}{Geh\344use}{}% 12
\BOOKMARK [1][-]{section.6}{Feuchtigkeitssensor}{}% 13
\BOOKMARK [2][-]{subsection.6.1}{Warum ein Feuchtigkeitssensor?}{section.6}% 14
\BOOKMARK [3][-]{subsubsection.6.1.1}{Nachteile/Vorteile einer rein zeitbasierten Bew\344sserung}{subsection.6.1}% 15
\BOOKMARK [3][-]{subsubsection.6.1.2}{Nachteile/Vorteile einer sensorbasierten Bew\344sserung}{subsection.6.1}% 16
\BOOKMARK [2][-]{subsection.6.2}{Entwurf des Feuchtigkeitssensors}{section.6}% 17
\BOOKMARK [3][-]{subsubsection.6.2.1}{Theorie des Sensors}{subsection.6.2}% 18
\BOOKMARK [3][-]{subsubsection.6.2.2}{Schaltplan/Funktion des Sensors}{subsection.6.2}% 19
\BOOKMARK [3][-]{subsubsection.6.2.3}{Messergebnisse des Sensors}{subsection.6.2}% 20
\BOOKMARK [1][-]{section.7}{Erstellen der Platinenlayouts}{}% 21
\BOOKMARK [2][-]{subsection.7.1}{Layout des Feuchtigkeitssensors}{section.7}% 22
\BOOKMARK [2][-]{subsection.7.2}{Layout der Leistungsschaltungsplatine}{section.7}% 23
\BOOKMARK [2][-]{subsection.7.3}{Layout des Stromverteilers}{section.7}% 24
\BOOKMARK [1][-]{section.8}{Software - Arduino}{}% 25
\BOOKMARK [2][-]{subsection.8.1}{Allgemeines}{section.8}% 26
\BOOKMARK [2][-]{subsection.8.2}{Objektorientierung}{section.8}% 27
\BOOKMARK [2][-]{subsection.8.3}{Auslesen der Sensoren}{section.8}% 28
\BOOKMARK [2][-]{subsection.8.4}{Kommunikation und Energiesparmodus}{section.8}% 29
\BOOKMARK [2][-]{subsection.8.5}{Bew\344sserungsalgorithmus}{section.8}% 30
\BOOKMARK [2][-]{subsection.8.6}{Programmablauf}{section.8}% 31
\BOOKMARK [1][-]{section.9}{Software - ESP8266}{}% 32
\BOOKMARK [2][-]{subsection.9.1}{Programmieren per Arduino IDE}{section.9}% 33
\BOOKMARK [2][-]{subsection.9.2}{Konfiguration}{section.9}% 34
\BOOKMARK [1][-]{section.10}{Server}{}% 35
\BOOKMARK [2][-]{subsection.10.1}{Konfiguration}{section.10}% 36
\BOOKMARK [2][-]{subsection.10.2}{Webseite}{section.10}% 37
\BOOKMARK [3][-]{subsubsection.10.2.1}{Graphen}{subsection.10.2}% 38
\BOOKMARK [3][-]{subsubsection.10.2.2}{Einstellbare Parameter}{subsection.10.2}% 39
\BOOKMARK [3][-]{subsubsection.10.2.3}{Aufbau der Seite}{subsection.10.2}% 40
\BOOKMARK [2][-]{subsection.10.3}{Network Time Protocol \(NTP\)}{section.10}% 41
\BOOKMARK [1][-]{section.11}{Kommunikation}{}% 42
\BOOKMARK [2][-]{subsection.11.1}{Funktionen}{section.11}% 43
\BOOKMARK [1][-]{section.12}{Fazit}{}% 44
\BOOKMARK [1][-]{section*.20}{Abbildungsverzeichnis}{}% 45
